<?xml version="1.0" encoding="UTF-8"?>
<testng-results skipped="0" failed="0" ignored="0" total="1" passed="1">
  <reporter-output>
  </reporter-output>
  <suite name="Default suite" duration-ms="2957" started-at="2019-11-18T05:14:42Z" finished-at="2019-11-18T05:14:45Z">
    <groups>
    </groups>
    <test name="Default test" duration-ms="2957" started-at="2019-11-18T05:14:42Z" finished-at="2019-11-18T05:14:45Z">
      <class name="com.sample.test.demo.tests.OrderPost">
        <test-method status="PASS" signature="orderPost()[pri:0, instance:com.sample.test.demo.tests.OrderPost@60c6f5b]" name="orderPost" duration-ms="2923" started-at="2019-11-18T05:14:42Z" finished-at="2019-11-18T05:14:45Z">
          <reporter-output>
          </reporter-output>
        </test-method> <!-- orderPost -->
      </class> <!-- com.sample.test.demo.tests.OrderPost -->
    </test> <!-- Default test -->
  </suite> <!-- Default suite -->
</testng-results>
